2025-08-04 09:17:42,753 - INFO - Searching: #nifty50
2025-08-04 09:17:52,257 - INFO - #nifty50 | Scroll 1: 12 tweet containers
2025-08-04 09:17:54,504 - INFO - #nifty50 | Scroll 2: 8 tweet containers
2025-08-04 09:17:56,842 - INFO - #nifty50 | Scroll 3: 10 tweet containers
2025-08-04 09:17:59,283 - INFO - #nifty50 | Scroll 4: 10 tweet containers
2025-08-04 09:18:01,355 - INFO - #nifty50 | Scroll 5: 9 tweet containers
2025-08-04 09:18:03,508 - INFO - #nifty50 | Scroll 6: 9 tweet containers
2025-08-04 09:18:05,783 - INFO - #nifty50 | Scroll 7: 10 tweet containers
2025-08-04 09:18:07,943 - INFO - #nifty50 | Scroll 8: 8 tweet containers
2025-08-04 09:18:10,271 - INFO - #nifty50 | Scroll 9: 11 tweet containers
2025-08-04 09:18:12,769 - INFO - #nifty50 | Scroll 10: 11 tweet containers
2025-08-04 09:18:15,315 - INFO - #nifty50 | Scroll 11: 9 tweet containers
2025-08-04 09:18:17,479 - INFO - #nifty50 | Scroll 12: 9 tweet containers
2025-08-04 09:18:19,912 - INFO - #nifty50 | Scroll 13: 7 tweet containers
2025-08-04 09:18:22,061 - INFO - #nifty50 | Scroll 14: 7 tweet containers
2025-08-04 09:18:24,084 - INFO - #nifty50 | Scroll 15: 7 tweet containers
2025-08-04 09:18:26,349 - INFO - #nifty50 | Scroll 16: 8 tweet containers
2025-08-04 09:18:28,351 - INFO - #nifty50 | Scroll 17: 8 tweet containers
2025-08-04 09:18:28,558 - INFO - #nifty50: 100 tweets collected
2025-08-04 09:18:30,588 - INFO - #nifty50 | Scroll 18: 7 tweet containers
2025-08-04 09:18:32,782 - INFO - #nifty50 | Scroll 19: 7 tweet containers
2025-08-04 09:18:35,028 - INFO - #nifty50 | Scroll 20: 11 tweet containers
2025-08-04 09:18:37,471 - INFO - #nifty50 | Scroll 21: 7 tweet containers
2025-08-04 09:18:39,498 - INFO - #nifty50 | Scroll 22: 8 tweet containers
2025-08-04 09:18:41,800 - INFO - #nifty50 | Scroll 23: 9 tweet containers
2025-08-04 09:18:43,987 - INFO - #nifty50 | Scroll 24: 8 tweet containers
2025-08-04 09:18:46,351 - INFO - #nifty50 | Scroll 25: 7 tweet containers
2025-08-04 09:18:48,509 - INFO - #nifty50 | Scroll 26: 8 tweet containers
2025-08-04 09:18:50,765 - INFO - #nifty50 | Scroll 27: 9 tweet containers
2025-08-04 09:18:52,966 - INFO - #nifty50 | Scroll 28: 9 tweet containers
2025-08-04 09:18:55,030 - INFO - #nifty50 | Scroll 29: 7 tweet containers
2025-08-04 09:18:57,293 - INFO - #nifty50 | Scroll 30: 8 tweet containers
2025-08-04 09:18:59,498 - INFO - #nifty50 | Scroll 31: 8 tweet containers
2025-08-04 09:19:01,852 - INFO - #nifty50 | Scroll 32: 8 tweet containers
2025-08-04 09:19:04,077 - INFO - #nifty50 | Scroll 33: 11 tweet containers
2025-08-04 09:19:06,469 - INFO - #nifty50 | Scroll 34: 12 tweet containers
2025-08-04 09:19:06,724 - INFO - #nifty50: 200 tweets collected
2025-08-04 09:19:08,755 - INFO - #nifty50 | Scroll 35: 10 tweet containers
2025-08-04 09:19:11,085 - INFO - #nifty50 | Scroll 36: 10 tweet containers
2025-08-04 09:19:13,424 - INFO - #nifty50 | Scroll 37: 8 tweet containers
2025-08-04 09:19:15,829 - INFO - #nifty50 | Scroll 38: 9 tweet containers
2025-08-04 09:19:18,055 - INFO - #nifty50 | Scroll 39: 10 tweet containers
2025-08-04 09:19:20,372 - INFO - #nifty50 | Scroll 40: 9 tweet containers
2025-08-04 09:19:22,774 - INFO - #nifty50 | Scroll 41: 8 tweet containers
2025-08-04 09:19:25,089 - INFO - #nifty50 | Scroll 42: 6 tweet containers
2025-08-04 09:19:27,161 - INFO - #nifty50 | Scroll 43: 9 tweet containers
2025-08-04 09:19:29,287 - INFO - #nifty50 | Scroll 44: 10 tweet containers
2025-08-04 09:19:31,731 - INFO - #nifty50 | Scroll 45: 11 tweet containers
2025-08-04 09:19:34,070 - INFO - #nifty50 | Scroll 46: 10 tweet containers
2025-08-04 09:19:36,214 - INFO - #nifty50 | Scroll 47: 11 tweet containers
2025-08-04 09:19:38,369 - INFO - #nifty50 | Scroll 48: 7 tweet containers
2025-08-04 09:19:40,648 - INFO - #nifty50 | Scroll 49: 8 tweet containers
2025-08-04 09:19:42,807 - INFO - #nifty50 | Scroll 50: 8 tweet containers
2025-08-04 09:19:43,029 - INFO - #nifty50: 300 tweets collected
2025-08-04 09:19:45,011 - INFO - #nifty50 | Scroll 51: 7 tweet containers
2025-08-04 09:19:47,304 - INFO - #nifty50 | Scroll 52: 6 tweet containers
2025-08-04 09:19:49,557 - INFO - #nifty50 | Scroll 53: 7 tweet containers
2025-08-04 09:19:51,819 - INFO - #nifty50 | Scroll 54: 7 tweet containers
2025-08-04 09:19:54,087 - INFO - #nifty50 | Scroll 55: 8 tweet containers
2025-08-04 09:19:56,433 - INFO - #nifty50 | Scroll 56: 11 tweet containers
2025-08-04 09:19:58,911 - INFO - #nifty50 | Scroll 57: 12 tweet containers
2025-08-04 09:20:01,285 - INFO - #nifty50 | Scroll 58: 9 tweet containers
2025-08-04 09:20:03,631 - INFO - #nifty50 | Scroll 59: 8 tweet containers
2025-08-04 09:20:05,988 - INFO - #nifty50 | Scroll 60: 8 tweet containers
2025-08-04 09:20:08,057 - INFO - #nifty50 | Scroll 61: 7 tweet containers
2025-08-04 09:20:10,035 - INFO - #nifty50 | Scroll 62: 7 tweet containers
2025-08-04 09:20:12,303 - INFO - #nifty50 | Scroll 63: 7 tweet containers
2025-08-04 09:20:14,571 - INFO - #nifty50 | Scroll 64: 7 tweet containers
2025-08-04 09:20:16,868 - INFO - #nifty50 | Scroll 65: 10 tweet containers
2025-08-04 09:20:19,192 - INFO - #nifty50 | Scroll 66: 9 tweet containers
2025-08-04 09:20:21,443 - INFO - #nifty50 | Scroll 67: 7 tweet containers
2025-08-04 09:20:23,802 - INFO - #nifty50 | Scroll 68: 8 tweet containers
2025-08-04 09:20:26,061 - INFO - #nifty50 | Scroll 69: 6 tweet containers
2025-08-04 09:20:28,107 - INFO - #nifty50 | Scroll 70: 9 tweet containers
2025-08-04 09:20:28,281 - INFO - #nifty50: 400 tweets collected
2025-08-04 09:20:30,344 - INFO - #nifty50 | Scroll 71: 11 tweet containers
2025-08-04 09:20:32,460 - INFO - #nifty50 | Scroll 72: 8 tweet containers
2025-08-04 09:20:34,672 - INFO - #nifty50 | Scroll 73: 7 tweet containers
2025-08-04 09:20:36,902 - INFO - #nifty50 | Scroll 74: 9 tweet containers
2025-08-04 09:20:39,043 - INFO - #nifty50 | Scroll 75: 7 tweet containers
2025-08-04 09:20:41,158 - INFO - #nifty50 | Scroll 76: 6 tweet containers
2025-08-04 09:20:43,424 - INFO - #nifty50 | Scroll 77: 6 tweet containers
2025-08-04 09:20:45,639 - INFO - #nifty50 | Scroll 78: 7 tweet containers
2025-08-04 09:20:47,827 - INFO - #nifty50 | Scroll 79: 8 tweet containers
2025-08-04 09:20:50,180 - INFO - #nifty50 | Scroll 80: 9 tweet containers
2025-08-04 09:20:52,258 - INFO - #nifty50 | Scroll 81: 7 tweet containers
2025-08-04 09:20:54,418 - INFO - #nifty50 | Scroll 82: 9 tweet containers
2025-08-04 09:20:56,622 - INFO - #nifty50 | Scroll 83: 11 tweet containers
2025-08-04 09:20:59,110 - INFO - #nifty50 | Scroll 84: 6 tweet containers
2025-08-04 09:21:01,314 - INFO - #nifty50 | Scroll 85: 10 tweet containers
2025-08-04 09:21:03,616 - INFO - #nifty50 | Scroll 86: 9 tweet containers
2025-08-04 09:21:05,791 - INFO - #nifty50 | Scroll 87: 10 tweet containers
2025-08-04 09:21:08,262 - INFO - #nifty50 | Scroll 88: 7 tweet containers
2025-08-04 09:21:08,388 - INFO - #nifty50: 500 tweets collected
2025-08-04 09:21:10,760 - INFO - #nifty50 | Scroll 89: 8 tweet containers
2025-08-04 09:21:14,814 - INFO - #nifty50 | Scroll 90: 6 tweet containers
2025-08-04 09:21:18,566 - INFO - #nifty50 | Scroll 91: 6 tweet containers
2025-08-04 09:21:22,656 - INFO - #nifty50 | Scroll 92: 9 tweet containers
2025-08-04 09:21:26,574 - INFO - #nifty50 | Scroll 93: 8 tweet containers
2025-08-04 09:21:30,626 - INFO - #nifty50 | Scroll 94: 5 tweet containers
2025-08-04 09:21:34,834 - INFO - #nifty50 | Scroll 95: 7 tweet containers
2025-08-04 09:21:38,784 - INFO - #nifty50 | Scroll 96: 5 tweet containers
2025-08-04 09:21:42,854 - INFO - #nifty50 | Scroll 97: 5 tweet containers
2025-08-04 09:21:46,951 - INFO - #nifty50 | Scroll 98: 5 tweet containers
2025-08-04 09:21:50,810 - INFO - #nifty50 | Scroll 99: 7 tweet containers
2025-08-04 09:21:53,753 - INFO - #nifty50 | Scroll 100: 6 tweet containers
2025-08-04 09:21:57,640 - INFO - #nifty50 | Scroll 101: 2 tweet containers
2025-08-04 09:21:59,717 - INFO - #nifty50 | Scroll 102: 4 tweet containers
2025-08-04 09:22:02,807 - INFO - #nifty50 | Scroll 103: 6 tweet containers
2025-08-04 09:22:06,807 - INFO - #nifty50 | Scroll 104: 4 tweet containers
2025-08-04 09:22:10,078 - INFO - #nifty50 | Scroll 105: 8 tweet containers
2025-08-04 09:22:14,143 - INFO - #nifty50 | Scroll 106: 6 tweet containers
2025-08-04 09:22:17,859 - INFO - #nifty50 | Scroll 107: 3 tweet containers
2025-08-04 09:22:20,937 - INFO - #nifty50 | Scroll 108: 5 tweet containers
2025-08-04 09:22:25,032 - INFO - #nifty50 | Scroll 109: 6 tweet containers
2025-08-04 09:22:27,967 - INFO - #nifty50 | Scroll 110: 11 tweet containers
2025-08-04 09:22:31,986 - INFO - #nifty50 | Scroll 111: 3 tweet containers
2025-08-04 09:22:35,927 - INFO - #nifty50 | Scroll 112: 4 tweet containers
2025-08-04 09:22:36,107 - INFO - #nifty50: 600 tweets collected
2025-08-04 09:22:38,868 - INFO - #nifty50 | Scroll 113: 8 tweet containers
2025-08-04 09:22:42,903 - INFO - #nifty50 | Scroll 114: 7 tweet containers
2025-08-04 09:22:47,273 - INFO - #nifty50 | Scroll 115: 6 tweet containers
2025-08-04 09:22:51,178 - INFO - #nifty50 | Scroll 116: 3 tweet containers
2025-08-04 09:22:55,382 - INFO - #nifty50 | Scroll 117: 2 tweet containers
2025-08-04 09:22:59,081 - INFO - #nifty50 | Scroll 118: 4 tweet containers
2025-08-04 09:23:01,328 - INFO - #nifty50 | Scroll 119: 9 tweet containers
2025-08-04 09:23:05,204 - INFO - #nifty50 | Scroll 120: 4 tweet containers
2025-08-04 09:23:09,098 - INFO - #nifty50 | Scroll 121: 5 tweet containers
2025-08-04 09:23:12,451 - INFO - #nifty50 | Scroll 122: 8 tweet containers
2025-08-04 09:23:16,578 - INFO - #nifty50 | Scroll 123: 12 tweet containers
2025-08-04 09:23:20,136 - INFO - #nifty50 | Scroll 124: 2 tweet containers
2025-08-04 09:23:23,208 - INFO - #nifty50 | Scroll 125: 6 tweet containers
2025-08-04 09:23:27,535 - INFO - #nifty50 | Scroll 126: 7 tweet containers
2025-08-04 09:23:31,591 - INFO - #nifty50 | Scroll 127: 13 tweet containers
2025-08-04 09:23:35,623 - INFO - #nifty50 | Scroll 128: 9 tweet containers
2025-08-04 09:23:39,364 - INFO - #nifty50 | Scroll 129: 4 tweet containers
2025-08-04 09:23:43,250 - INFO - #nifty50 | Scroll 130: 12 tweet containers
2025-08-04 09:23:47,383 - INFO - #nifty50 | Scroll 131: 3 tweet containers
2025-08-04 09:23:50,547 - INFO - #nifty50 | Scroll 132: 4 tweet containers
2025-08-04 09:23:54,487 - INFO - #nifty50 | Scroll 133: 8 tweet containers
2025-08-04 09:23:58,490 - INFO - #nifty50 | Scroll 134: 9 tweet containers
2025-08-04 09:24:02,474 - INFO - #nifty50 | Scroll 135: 5 tweet containers
2025-08-04 09:24:02,868 - INFO - #nifty50: 700 tweets collected
2025-08-04 09:24:06,477 - INFO - #nifty50 | Scroll 136: 7 tweet containers
2025-08-04 09:24:10,635 - INFO - #nifty50 | Scroll 137: 4 tweet containers
2025-08-04 09:24:14,611 - INFO - #nifty50 | Scroll 138: 6 tweet containers
2025-08-04 09:24:18,757 - INFO - #nifty50 | Scroll 139: 6 tweet containers
2025-08-04 09:24:21,524 - INFO - #nifty50 | Scroll 140: 14 tweet containers
2025-08-04 09:24:25,579 - INFO - #nifty50 | Scroll 141: 3 tweet containers
2025-08-04 09:24:28,543 - INFO - #nifty50 | Scroll 142: 6 tweet containers
2025-08-04 09:24:32,756 - INFO - #nifty50 | Scroll 143: 4 tweet containers
2025-08-04 09:24:36,617 - INFO - #nifty50 | Scroll 144: 6 tweet containers
2025-08-04 09:24:40,732 - INFO - #nifty50 | Scroll 145: 4 tweet containers
2025-08-04 09:24:44,574 - INFO - #nifty50 | Scroll 146: 5 tweet containers
2025-08-04 09:24:47,934 - INFO - #nifty50 | Scroll 147: 10 tweet containers
2025-08-04 09:24:51,646 - INFO - #nifty50 | Scroll 148: 3 tweet containers
2025-08-04 09:24:54,705 - INFO - #nifty50 | Scroll 149: 7 tweet containers
2025-08-04 09:24:58,574 - INFO - #nifty50 | Scroll 150: 6 tweet containers
2025-08-04 09:24:58,844 - INFO - Searching: #banknifty
2025-08-04 09:25:08,694 - INFO - #banknifty | Scroll 1: 6 tweet containers
2025-08-04 09:25:12,813 - INFO - #banknifty | Scroll 2: 11 tweet containers
2025-08-04 09:25:16,759 - INFO - #banknifty | Scroll 3: 4 tweet containers
2025-08-04 09:25:19,752 - INFO - #banknifty | Scroll 4: 8 tweet containers
2025-08-04 09:25:24,049 - INFO - #banknifty | Scroll 5: 6 tweet containers
2025-08-04 09:25:27,002 - INFO - #banknifty | Scroll 6: 10 tweet containers
2025-08-04 09:25:31,171 - INFO - #banknifty | Scroll 7: 7 tweet containers
2025-08-04 09:25:34,737 - INFO - #banknifty | Scroll 8: 6 tweet containers
2025-08-04 09:25:38,105 - INFO - #banknifty | Scroll 9: 6 tweet containers
2025-08-04 09:25:41,824 - INFO - #banknifty | Scroll 10: 5 tweet containers
2025-08-04 09:25:44,959 - INFO - #banknifty | Scroll 11: 9 tweet containers
2025-08-04 09:25:48,973 - INFO - #banknifty | Scroll 12: 6 tweet containers
2025-08-04 09:25:53,195 - INFO - #banknifty | Scroll 13: 6 tweet containers
2025-08-04 09:25:56,915 - INFO - #banknifty | Scroll 14: 12 tweet containers
2025-08-04 09:26:00,013 - INFO - #banknifty | Scroll 15: 6 tweet containers
2025-08-04 09:26:03,838 - INFO - #banknifty | Scroll 16: 6 tweet containers
2025-08-04 09:26:07,101 - INFO - #banknifty | Scroll 17: 6 tweet containers
2025-08-04 09:26:10,074 - INFO - #banknifty | Scroll 18: 5 tweet containers
2025-08-04 09:26:14,252 - INFO - #banknifty | Scroll 19: 6 tweet containers
2025-08-04 09:26:16,353 - INFO - #banknifty | Scroll 20: 11 tweet containers
2025-08-04 09:26:18,568 - INFO - #banknifty | Scroll 21: 8 tweet containers
2025-08-04 09:26:20,724 - INFO - #banknifty | Scroll 22: 9 tweet containers
2025-08-04 09:26:23,764 - INFO - #banknifty | Scroll 23: 9 tweet containers
2025-08-04 09:26:23,930 - INFO - #banknifty: 100 tweets collected
2025-08-04 09:26:27,914 - INFO - #banknifty | Scroll 24: 4 tweet containers
2025-08-04 09:26:31,785 - INFO - #banknifty | Scroll 25: 10 tweet containers
2025-08-04 09:26:35,939 - INFO - #banknifty | Scroll 26: 6 tweet containers
2025-08-04 09:26:40,137 - INFO - #banknifty | Scroll 27: 8 tweet containers
2025-08-04 09:26:43,787 - INFO - #banknifty | Scroll 28: 11 tweet containers
2025-08-04 09:26:46,819 - INFO - #banknifty | Scroll 29: 5 tweet containers
2025-08-04 09:26:49,921 - INFO - #banknifty | Scroll 30: 6 tweet containers
2025-08-04 09:26:53,264 - INFO - #banknifty | Scroll 31: 10 tweet containers
2025-08-04 09:26:56,859 - INFO - #banknifty | Scroll 32: 5 tweet containers
2025-08-04 09:26:59,948 - INFO - #banknifty | Scroll 33: 6 tweet containers
2025-08-04 09:27:03,921 - INFO - #banknifty | Scroll 34: 8 tweet containers
2025-08-04 09:27:07,207 - INFO - #banknifty | Scroll 35: 4 tweet containers
2025-08-04 09:27:09,978 - INFO - #banknifty | Scroll 36: 4 tweet containers
2025-08-04 09:27:12,045 - INFO - #banknifty | Scroll 37: 4 tweet containers
2025-08-04 09:27:14,074 - INFO - #banknifty | Scroll 38: 4 tweet containers
2025-08-04 09:27:16,040 - INFO - #banknifty | Scroll 39: 4 tweet containers
2025-08-04 09:27:18,069 - INFO - #banknifty | Scroll 40: 4 tweet containers
2025-08-04 09:27:20,052 - INFO - #banknifty | Scroll 41: 4 tweet containers
2025-08-04 09:27:22,121 - INFO - #banknifty | Scroll 42: 4 tweet containers
2025-08-04 09:27:24,009 - INFO - #banknifty | Scroll 43: 4 tweet containers
2025-08-04 09:27:26,002 - INFO - #banknifty | Scroll 44: 4 tweet containers
2025-08-04 09:27:28,219 - INFO - #banknifty | Scroll 45: 4 tweet containers
2025-08-04 09:27:31,343 - INFO - #banknifty | Scroll 46: 4 tweet containers
2025-08-04 09:27:34,251 - INFO - #banknifty | Scroll 47: 4 tweet containers
2025-08-04 09:27:37,155 - INFO - #banknifty | Scroll 48: 4 tweet containers
2025-08-04 09:27:39,138 - INFO - #banknifty | Scroll 49: 4 tweet containers
2025-08-04 09:27:41,122 - INFO - #banknifty | Scroll 50: 4 tweet containers
2025-08-04 09:27:43,247 - INFO - #banknifty | Scroll 51: 4 tweet containers
2025-08-04 09:27:46,162 - INFO - #banknifty | Scroll 52: 4 tweet containers
2025-08-04 09:27:48,373 - INFO - #banknifty | Scroll 53: 4 tweet containers
2025-08-04 09:27:51,409 - INFO - #banknifty | Scroll 54: 4 tweet containers
2025-08-04 09:27:54,244 - INFO - #banknifty | Scroll 55: 4 tweet containers
2025-08-04 09:27:56,272 - INFO - #banknifty | Scroll 56: 4 tweet containers
2025-08-04 09:27:58,408 - INFO - #banknifty | Scroll 57: 4 tweet containers
2025-08-04 09:28:01,300 - INFO - #banknifty | Scroll 58: 4 tweet containers
2025-08-04 09:28:03,450 - INFO - #banknifty | Scroll 59: 4 tweet containers
2025-08-04 09:28:06,364 - INFO - #banknifty | Scroll 60: 4 tweet containers
2025-08-04 09:28:09,456 - INFO - #banknifty | Scroll 61: 4 tweet containers
2025-08-04 09:28:12,229 - INFO - #banknifty | Scroll 62: 4 tweet containers
2025-08-04 09:28:14,523 - INFO - #banknifty | Scroll 63: 4 tweet containers
2025-08-04 09:28:17,562 - INFO - #banknifty | Scroll 64: 4 tweet containers
2025-08-04 09:28:20,367 - INFO - #banknifty | Scroll 65: 4 tweet containers
2025-08-04 09:28:22,597 - INFO - #banknifty | Scroll 66: 4 tweet containers
2025-08-04 09:28:25,612 - INFO - #banknifty | Scroll 67: 4 tweet containers
2025-08-04 09:28:28,453 - INFO - #banknifty | Scroll 68: 4 tweet containers
2025-08-04 09:28:31,435 - INFO - #banknifty | Scroll 69: 4 tweet containers
2025-08-04 09:28:33,683 - INFO - #banknifty | Scroll 70: 4 tweet containers
2025-08-04 09:28:36,650 - INFO - #banknifty | Scroll 71: 4 tweet containers
2025-08-04 09:28:39,590 - INFO - #banknifty | Scroll 72: 4 tweet containers
2025-08-04 09:28:42,636 - INFO - #banknifty | Scroll 73: 4 tweet containers
2025-08-04 09:28:45,706 - INFO - #banknifty | Scroll 74: 4 tweet containers
2025-08-04 09:28:48,057 - INFO - #banknifty | Scroll 75: 4 tweet containers
2025-08-04 09:28:50,051 - INFO - #banknifty | Scroll 76: 4 tweet containers
2025-08-04 09:28:52,255 - INFO - #banknifty | Scroll 77: 4 tweet containers
2025-08-04 09:28:54,394 - INFO - #banknifty | Scroll 78: 4 tweet containers
2025-08-04 09:28:56,264 - INFO - #banknifty | Scroll 79: 4 tweet containers
2025-08-04 09:28:58,415 - INFO - #banknifty | Scroll 80: 4 tweet containers
2025-08-04 09:29:00,461 - INFO - #banknifty | Scroll 81: 4 tweet containers
2025-08-04 09:29:02,630 - INFO - #banknifty | Scroll 82: 4 tweet containers
2025-08-04 09:29:04,528 - INFO - #banknifty | Scroll 83: 4 tweet containers
2025-08-04 09:29:06,675 - INFO - #banknifty | Scroll 84: 4 tweet containers
2025-08-04 09:29:08,620 - INFO - #banknifty | Scroll 85: 4 tweet containers
2025-08-04 09:29:10,721 - INFO - #banknifty | Scroll 86: 4 tweet containers
2025-08-04 09:29:12,610 - INFO - #banknifty | Scroll 87: 4 tweet containers
2025-08-04 09:29:14,746 - INFO - #banknifty | Scroll 88: 4 tweet containers
2025-08-04 09:29:16,970 - INFO - #banknifty | Scroll 89: 4 tweet containers
2025-08-04 09:29:19,233 - INFO - #banknifty | Scroll 90: 4 tweet containers
2025-08-04 09:29:21,142 - INFO - #banknifty | Scroll 91: 4 tweet containers
2025-08-04 09:29:23,244 - INFO - #banknifty | Scroll 92: 4 tweet containers
2025-08-04 09:29:25,107 - INFO - #banknifty | Scroll 93: 4 tweet containers
2025-08-04 09:29:27,121 - INFO - #banknifty | Scroll 94: 4 tweet containers
2025-08-04 09:29:29,294 - INFO - #banknifty | Scroll 95: 4 tweet containers
2025-08-04 09:29:31,228 - INFO - #banknifty | Scroll 96: 4 tweet containers
2025-08-04 09:29:33,419 - INFO - #banknifty | Scroll 97: 4 tweet containers
2025-08-04 09:29:35,449 - INFO - #banknifty | Scroll 98: 4 tweet containers
2025-08-04 09:29:37,507 - INFO - #banknifty | Scroll 99: 4 tweet containers
2025-08-04 09:29:39,407 - INFO - #banknifty | Scroll 100: 4 tweet containers
2025-08-04 09:29:41,540 - INFO - #banknifty | Scroll 101: 4 tweet containers
2025-08-04 09:29:43,549 - INFO - #banknifty | Scroll 102: 4 tweet containers
2025-08-04 09:29:45,758 - INFO - #banknifty | Scroll 103: 4 tweet containers
2025-08-04 09:29:47,643 - INFO - #banknifty | Scroll 104: 4 tweet containers
2025-08-04 09:29:49,848 - INFO - #banknifty | Scroll 105: 4 tweet containers
2025-08-04 09:29:51,720 - INFO - #banknifty | Scroll 106: 4 tweet containers
2025-08-04 09:29:53,893 - INFO - #banknifty | Scroll 107: 4 tweet containers
2025-08-04 09:29:56,137 - INFO - #banknifty | Scroll 108: 4 tweet containers
2025-08-04 09:29:58,334 - INFO - #banknifty | Scroll 109: 4 tweet containers
2025-08-04 09:30:00,319 - INFO - #banknifty | Scroll 110: 4 tweet containers
2025-08-04 09:30:02,538 - INFO - #banknifty | Scroll 111: 4 tweet containers
2025-08-04 09:30:04,498 - INFO - #banknifty | Scroll 112: 4 tweet containers
2025-08-04 09:30:06,501 - INFO - #banknifty | Scroll 113: 4 tweet containers
2025-08-04 09:30:08,514 - INFO - #banknifty | Scroll 114: 4 tweet containers
2025-08-04 09:30:10,695 - INFO - #banknifty | Scroll 115: 4 tweet containers
2025-08-04 09:30:12,960 - INFO - #banknifty | Scroll 116: 4 tweet containers
2025-08-04 09:30:14,914 - INFO - #banknifty | Scroll 117: 4 tweet containers
2025-08-04 09:30:17,174 - INFO - #banknifty | Scroll 118: 4 tweet containers
2025-08-04 09:30:19,406 - INFO - #banknifty | Scroll 119: 4 tweet containers
2025-08-04 09:30:21,285 - INFO - #banknifty | Scroll 120: 4 tweet containers
2025-08-04 09:30:23,370 - INFO - #banknifty | Scroll 121: 4 tweet containers
2025-08-04 09:30:25,501 - INFO - #banknifty | Scroll 122: 4 tweet containers
2025-08-04 09:30:27,418 - INFO - #banknifty | Scroll 123: 4 tweet containers
2025-08-04 09:30:29,395 - INFO - #banknifty | Scroll 124: 4 tweet containers
2025-08-04 09:30:31,265 - INFO - #banknifty | Scroll 125: 4 tweet containers
2025-08-04 09:30:33,460 - INFO - #banknifty | Scroll 126: 4 tweet containers
2025-08-04 09:30:35,435 - INFO - #banknifty | Scroll 127: 4 tweet containers
2025-08-04 09:30:37,457 - INFO - #banknifty | Scroll 128: 4 tweet containers
2025-08-04 09:30:39,636 - INFO - #banknifty | Scroll 129: 4 tweet containers
2025-08-04 09:30:41,643 - INFO - #banknifty | Scroll 130: 4 tweet containers
2025-08-04 09:30:43,748 - INFO - #banknifty | Scroll 131: 4 tweet containers
2025-08-04 09:30:45,685 - INFO - #banknifty | Scroll 132: 4 tweet containers
2025-08-04 09:30:47,679 - INFO - #banknifty | Scroll 133: 4 tweet containers
2025-08-04 09:30:49,724 - INFO - #banknifty | Scroll 134: 4 tweet containers
2025-08-04 09:30:51,942 - INFO - #banknifty | Scroll 135: 4 tweet containers
2025-08-04 09:30:53,837 - INFO - #banknifty | Scroll 136: 4 tweet containers
2025-08-04 09:30:55,721 - INFO - #banknifty | Scroll 137: 4 tweet containers
2025-08-04 09:30:57,673 - INFO - #banknifty | Scroll 138: 4 tweet containers
2025-08-04 09:30:59,752 - INFO - #banknifty | Scroll 139: 4 tweet containers
2025-08-04 09:31:02,009 - INFO - #banknifty | Scroll 140: 4 tweet containers
2025-08-04 09:31:04,176 - INFO - #banknifty | Scroll 141: 4 tweet containers
2025-08-04 09:31:06,060 - INFO - #banknifty | Scroll 142: 4 tweet containers
2025-08-04 09:31:08,165 - INFO - #banknifty | Scroll 143: 4 tweet containers
2025-08-04 09:31:10,041 - INFO - #banknifty | Scroll 144: 4 tweet containers
2025-08-04 09:31:12,018 - INFO - #banknifty | Scroll 145: 4 tweet containers
2025-08-04 09:31:14,057 - INFO - #banknifty | Scroll 146: 4 tweet containers
2025-08-04 09:31:16,095 - INFO - #banknifty | Scroll 147: 4 tweet containers
2025-08-04 09:31:18,222 - INFO - #banknifty | Scroll 148: 4 tweet containers
2025-08-04 09:31:20,241 - INFO - #banknifty | Scroll 149: 4 tweet containers
2025-08-04 09:31:22,369 - INFO - #banknifty | Scroll 150: 4 tweet containers
